<?xml version="1.0" encoding="UTF-8"?>
<testsuite name="AccountServiceTest" tests="1" skipped="0" failures="0" errors="0" timestamp="2023-03-22T23:37:17" hostname="DESKTOP-JLPACN8" time="8.238">
  <properties/>
  <testcase name="start" classname="AccountServiceTest" time="8.238"/>
  <system-out><![CDATA[?[1;31m
Start test 1?[0m
?[0;34m
?[0m?[0;34m  .   ____          _            __ _ _
?[0m?[0;34m /\\ / ___'_ __ _ _(_)_ __  __ _ \ \ \ \
?[0m?[0;34m( ( )\___ | '_ | '_| | '_ \/ _` | \ \ \ \
?[0m?[0;34m \\/  ___)| |_)| | | | | || (_| |  ) ) ) )
?[0m?[0;34m  '  |____| .__|_| |_|_| |_\__, | / / / /
?[0m?[0;34m =========|_|==============|___/=/_/_/_/
?[0m?[0;34m?[32m :: Spring Boot :: ?[39m              ?[2m (v2.6.3)?[0;39m
?[0m?[0;34m
?[0m?[0;34m?[2m2023-03-22 16:37:18.645?[0;39m ?[32m INFO?[0;39m ?[35m6848?[0;39m ?[2m---?[0;39m ?[2m[    Test worker]?[0;39m ?[36maccount.AccountServiceApplication       ?[0;39m ?[2m:?[0;39m Starting AccountServiceApplication using Java 17.0.5 on DESKTOP-JLPACN8 with PID 6848 (started by profile1 in C:\Users\profile1\IdeaProjects\Account Service\Account Service\task)
?[0m?[0;34m?[2m2023-03-22 16:37:18.649?[0;39m ?[32m INFO?[0;39m ?[35m6848?[0;39m ?[2m---?[0;39m ?[2m[    Test worker]?[0;39m ?[36maccount.AccountServiceApplication       ?[0;39m ?[2m:?[0;39m The following profiles are active: dev
?[0m?[0;34m?[2m2023-03-22 16:37:19.927?[0;39m ?[32m INFO?[0;39m ?[35m6848?[0;39m ?[2m---?[0;39m ?[2m[    Test worker]?[0;39m ?[36m.s.d.r.c.RepositoryConfigurationDelegate?[0;39m ?[2m:?[0;39m Bootstrapping Spring Data JPA repositories in DEFAULT mode.
?[0m?[0;34m?[2m2023-03-22 16:37:20.011?[0;39m ?[32m INFO?[0;39m ?[35m6848?[0;39m ?[2m---?[0;39m ?[2m[    Test worker]?[0;39m ?[36m.s.d.r.c.RepositoryConfigurationDelegate?[0;39m ?[2m:?[0;39m Finished Spring Data repository scanning in 70 ms. Found 4 JPA repository interfaces.
?[0m?[0;34m?[2m2023-03-22 16:37:20.867?[0;39m ?[32m INFO?[0;39m ?[35m6848?[0;39m ?[2m---?[0;39m ?[2m[    Test worker]?[0;39m ?[36mo.s.b.w.embedded.tomcat.TomcatWebServer ?[0;39m ?[2m:?[0;39m Tomcat initialized with port(s): 28852 (https)
?[0m?[0;34m?[2m2023-03-22 16:37:20.879?[0;39m ?[32m INFO?[0;39m ?[35m6848?[0;39m ?[2m---?[0;39m ?[2m[    Test worker]?[0;39m ?[36mo.apache.catalina.core.StandardService  ?[0;39m ?[2m:?[0;39m Starting service [Tomcat]
?[0m?[0;34m?[2m2023-03-22 16:37:20.880?[0;39m ?[32m INFO?[0;39m ?[35m6848?[0;39m ?[2m---?[0;39m ?[2m[    Test worker]?[0;39m ?[36morg.apache.catalina.core.StandardEngine ?[0;39m ?[2m:?[0;39m Starting Servlet engine: [Apache Tomcat/9.0.56]
?[0m?[0;34m?[2m2023-03-22 16:37:20.995?[0;39m ?[32m INFO?[0;39m ?[35m6848?[0;39m ?[2m---?[0;39m ?[2m[    Test worker]?[0;39m ?[36mo.a.c.c.C.[Tomcat].[localhost].[/]      ?[0;39m ?[2m:?[0;39m Initializing Spring embedded WebApplicationContext
?[0m?[0;34m?[2m2023-03-22 16:37:20.995?[0;39m ?[32m INFO?[0;39m ?[35m6848?[0;39m ?[2m---?[0;39m ?[2m[    Test worker]?[0;39m ?[36mw.s.c.ServletWebServerApplicationContext?[0;39m ?[2m:?[0;39m Root WebApplicationContext: initialization completed in 2297 ms
?[0m?[0;34m?[2m2023-03-22 16:37:21.194?[0;39m ?[32m INFO?[0;39m ?[35m6848?[0;39m ?[2m---?[0;39m ?[2m[    Test worker]?[0;39m ?[36mcom.zaxxer.hikari.HikariDataSource      ?[0;39m ?[2m:?[0;39m HikariPool-1 - Starting...
?[0m?[0;34m?[2m2023-03-22 16:37:21.442?[0;39m ?[32m INFO?[0;39m ?[35m6848?[0;39m ?[2m---?[0;39m ?[2m[    Test worker]?[0;39m ?[36mcom.zaxxer.hikari.HikariDataSource      ?[0;39m ?[2m:?[0;39m HikariPool-1 - Start completed.
?[0m?[0;34m?[2m2023-03-22 16:37:21.465?[0;39m ?[32m INFO?[0;39m ?[35m6848?[0;39m ?[2m---?[0;39m ?[2m[    Test worker]?[0;39m ?[36mo.s.b.a.h2.H2ConsoleAutoConfiguration   ?[0;39m ?[2m:?[0;39m H2 console available at '/h2-console'. Database available at 'jdbc:h2:file:../service_db'
?[0m?[0;34m?[2m2023-03-22 16:37:21.718?[0;39m ?[32m INFO?[0;39m ?[35m6848?[0;39m ?[2m---?[0;39m ?[2m[    Test worker]?[0;39m ?[36mo.hibernate.jpa.internal.util.LogHelper ?[0;39m ?[2m:?[0;39m HHH000204: Processing PersistenceUnitInfo [name: default]
?[0m?[0;34m?[2m2023-03-22 16:37:21.801?[0;39m ?[32m INFO?[0;39m ?[35m6848?[0;39m ?[2m---?[0;39m ?[2m[    Test worker]?[0;39m ?[36morg.hibernate.Version                   ?[0;39m ?[2m:?[0;39m HHH000412: Hibernate ORM core version 5.6.4.Final
?[0m?[0;34m?[2m2023-03-22 16:37:22.052?[0;39m ?[32m INFO?[0;39m ?[35m6848?[0;39m ?[2m---?[0;39m ?[2m[    Test worker]?[0;39m ?[36mo.hibernate.annotations.common.Version  ?[0;39m ?[2m:?[0;39m HCANN000001: Hibernate Commons Annotations {5.1.2.Final}
?[0m?[0;34m?[2m2023-03-22 16:37:22.185?[0;39m ?[32m INFO?[0;39m ?[35m6848?[0;39m ?[2m---?[0;39m ?[2m[    Test worker]?[0;39m ?[36morg.hibernate.dialect.Dialect           ?[0;39m ?[2m:?[0;39m HHH000400: Using dialect: org.hibernate.dialect.H2Dialect
?[0m?[0;34m?[2m2023-03-22 16:37:23.145?[0;39m ?[32m INFO?[0;39m ?[35m6848?[0;39m ?[2m---?[0;39m ?[2m[    Test worker]?[0;39m ?[36mo.h.e.t.j.p.i.JtaPlatformInitiator      ?[0;39m ?[2m:?[0;39m HHH000490: Using JtaPlatform implementation: [org.hibernate.engine.transaction.jta.platform.internal.NoJtaPlatform]
?[0m?[0;34m?[2m2023-03-22 16:37:23.158?[0;39m ?[32m INFO?[0;39m ?[35m6848?[0;39m ?[2m---?[0;39m ?[2m[    Test worker]?[0;39m ?[36mj.LocalContainerEntityManagerFactoryBean?[0;39m ?[2m:?[0;39m Initialized JPA EntityManagerFactory for persistence unit 'default'
?[0m?[0;34m?[2m2023-03-22 16:37:24.432?[0;39m ?[32m INFO?[0;39m ?[35m6848?[0;39m ?[2m---?[0;39m ?[2m[    Test worker]?[0;39m ?[36mo.s.s.web.DefaultSecurityFilterChain    ?[0;39m ?[2m:?[0;39m Will secure any request with [org.springframework.security.web.context.request.async.WebAsyncManagerIntegrationFilter@3705a85c, org.springframework.security.web.context.SecurityContextPersistenceFilter@240e61, org.springframework.security.web.header.HeaderWriterFilter@258ac1e6, org.springframework.security.web.authentication.logout.LogoutFilter@4f2b1a2f, org.springframework.security.web.authentication.www.BasicAuthenticationFilter@642b71d6, org.springframework.security.web.savedrequest.RequestCacheAwareFilter@2027d56f, org.springframework.security.web.servletapi.SecurityContextHolderAwareRequestFilter@1f596988, org.springframework.security.web.authentication.AnonymousAuthenticationFilter@2284058a, org.springframework.security.web.session.SessionManagementFilter@7925e772, org.springframework.security.web.access.ExceptionTranslationFilter@756030e2, org.springframework.security.web.access.intercept.FilterSecurityInterceptor@12e13abd]
?[0m?[0;34m?[2m2023-03-22 16:37:25.268?[0;39m ?[32m INFO?[0;39m ?[35m6848?[0;39m ?[2m---?[0;39m ?[2m[    Test worker]?[0;39m ?[36mo.s.b.a.e.web.EndpointLinksResolver     ?[0;39m ?[2m:?[0;39m Exposing 14 endpoint(s) beneath base path '/actuator'
?[0m?[0;34m?[2m2023-03-22 16:37:25.635?[0;39m ?[32m INFO?[0;39m ?[35m6848?[0;39m ?[2m---?[0;39m ?[2m[    Test worker]?[0;39m ?[36mo.s.b.w.embedded.tomcat.TomcatWebServer ?[0;39m ?[2m:?[0;39m Tomcat started on port(s): 28852 (https) with context path ''
?[0m?[0;34m?[2m2023-03-22 16:37:25.661?[0;39m ?[32m INFO?[0;39m ?[35m6848?[0;39m ?[2m---?[0;39m ?[2m[    Test worker]?[0;39m ?[36maccount.AccountServiceApplication       ?[0;39m ?[2m:?[0;39m Started AccountServiceApplication in 7.471 seconds (JVM running for 8.402)
?[0m?[0;34mCN=accountant_service, OU=Unknown, O=Unknown, L=Unknown, ST=Unknown, C=Unknown SHA256withRSA
?[0m]]></system-out>
  <system-err><![CDATA[]]></system-err>
</testsuite>
